Using pre-set license
Built from '2021.1/staging' branch; Version is '2021.1.3f1 (4bef613afd59) revision 4976481'; Using compiler version '192528614'; Build Type 'Release'
OS: 'Windows 10 Home Single Language; OS build 19045.3324; Version 2009; 64bit' Language: 'ru' Physical Memory: 8101 MB
BatchMode: 1, IsHumanControllingUs: 0, StartBugReporterOnCrash: 0, Is64bit: 1, IsPro: 0

 COMMAND LINE ARGUMENTS:
C:\Program Files\Unity 2021.1.3f1\Editor\Unity.exe
-adb2
-batchMode
-noUpm
-name
AssetImportWorker0
-projectPath
C:/Users/Galiia/repo/EDDGit/EDD
-logFile
Logs/AssetImportWorker0.log
-srvPort
63746
Successfully changed project path to: C:/Users/Galiia/repo/EDDGit/EDD
C:/Users/Galiia/repo/EDDGit/EDD
Using Asset Import Pipeline V2.
Refreshing native plugins compatible for Editor in 114.69 ms, found 1 plugins.
Preloading 0 native plugins for Editor in 0.00 ms.
Initialize engine version: 2021.1.3f1 (4bef613afd59)
[Subsystems] Discovering subsystems at path C:/Program Files/Unity 2021.1.3f1/Editor/Data/Resources/UnitySubsystems
[Subsystems] Discovering subsystems at path C:/Users/Galiia/repo/EDDGit/EDD/Assets
GfxDevice: creating device client; threaded=0; jobified=0
Direct3D:
    Version:  Direct3D 11.0 [level 11.1]
    Renderer: NVIDIA GeForce MX150 (ID=0x1d12)
    Vendor:   NVIDIA
    VRAM:     1983 MB
    Driver:   27.21.14.6589
Shader 'Universal Render Pipeline/Particles/Lit': fallback shader 'Universal Render Pipeline/Particles/SimpleLit' not found
Initialize mono
Mono path[0] = 'C:/Program Files/Unity 2021.1.3f1/Editor/Data/Managed'
Mono path[1] = 'C:/Program Files/Unity 2021.1.3f1/Editor/Data/MonoBleedingEdge/lib/mono/unityjit'
Mono config path = 'C:/Program Files/Unity 2021.1.3f1/Editor/Data/MonoBleedingEdge/etc'
Using monoOptions --debugger-agent=transport=dt_socket,embedding=1,server=y,suspend=n,address=127.0.0.1:56768
Begin MonoManager ReloadAssembly
Registering precompiled unity dll's ...
Register platform support module: C:/Program Files/Unity 2021.1.3f1/Editor/Data/PlaybackEngines/WindowsStandaloneSupport/UnityEditor.WindowsStandalone.Extensions.dll
Registered in 0.002174 seconds.
Native extension for WindowsStandalone target not found
Refreshing native plugins compatible for Editor in 117.06 ms, found 1 plugins.
Preloading 0 native plugins for Editor in 0.00 ms.
Mono: successfully reloaded assembly
- Completed reload, in  1.335 seconds
Platform modules already initialized, skipping
Registering precompiled user dll's ...
Registered in 0.003797 seconds.
Begin MonoManager ReloadAssembly
Native extension for WindowsStandalone target not found
Refreshing native plugins compatible for Editor in 115.83 ms, found 1 plugins.
Preloading 0 native plugins for Editor in 0.00 ms.
Mono: successfully reloaded assembly
- Completed reload, in  1.293 seconds
Platform modules already initialized, skipping
========================================================================
Worker process is ready to serve import requests
Shader 'Universal Render Pipeline/Particles/Lit': fallback shader 'Universal Render Pipeline/Particles/SimpleLit' not found
Launched and connected shader compiler UnityShaderCompiler.exe after 0.06 seconds
Refreshing native plugins compatible for Editor in 0.81 ms, found 1 plugins.
Preloading 0 native plugins for Editor in 0.00 ms.
Unloading 3995 Unused Serialized files (Serialized files now loaded: 0)
System memory in use before: 161.2 MB.
System memory in use after: 161.4 MB.

Unloading 14 unused Assets to reduce memory usage. Loaded Objects now: 4454.
Total: 2.748200 ms (FindLiveObjects: 0.365300 ms CreateObjectMapping: 0.281500 ms MarkObjects: 2.014500 ms  DeleteObjects: 0.086000 ms)

========================================================================
Received Import Request.
  path: Assets/Meshes/Environment/Materials/Grass.mat
  artifactKey: Guid(06ab857999ef4cf40beaf73f98aab31e) Importer(815301076,1909f56bfc062723c751e8b465ee728b)
Start importing Assets/Meshes/Environment/Materials/Grass.mat using Guid(06ab857999ef4cf40beaf73f98aab31e) Importer(815301076,1909f56bfc062723c751e8b465ee728b)  -> (artifact id: 'f21989ba1ba78e6303ac40ed060ca518') in 0.306531 seconds 
========================================================================
Received Import Request.
  Time since last request: 0.000394 seconds.
  path: Assets/Meshes/Environment/Materials/TreeBig.mat
  artifactKey: Guid(13e47d0a1bc3cb84fba18926c1f50404) Importer(815301076,1909f56bfc062723c751e8b465ee728b)
Start importing Assets/Meshes/Environment/Materials/TreeBig.mat using Guid(13e47d0a1bc3cb84fba18926c1f50404) Importer(815301076,1909f56bfc062723c751e8b465ee728b)  -> (artifact id: '199bc7d9b81010031e6e3b95614dacfc') in 0.069175 seconds 
========================================================================
Received Import Request.
  Time since last request: 76.203302 seconds.
  path: Assets/Meshes/EnvironmentAnimals/Snail/239664-1604x988-snail.jpg
  artifactKey: Guid(47ae4e45b0931384aa0e53782daed497) Importer(815301076,1909f56bfc062723c751e8b465ee728b)
Start importing Assets/Meshes/EnvironmentAnimals/Snail/239664-1604x988-snail.jpg using Guid(47ae4e45b0931384aa0e53782daed497) Importer(815301076,1909f56bfc062723c751e8b465ee728b)  -> (artifact id: 'e368e26bd6c3d858431cffa505e25a41') in 0.113768 seconds 
========================================================================
Received Import Request.
  Time since last request: 1552.969300 seconds.
  path: Assets/Shader/test.shadergraph
  artifactKey: Guid(d6d662b6f4e6808499762d4d0cbeb4d0) Importer(815301076,1909f56bfc062723c751e8b465ee728b)
Start importing Assets/Shader/test.shadergraph using Guid(d6d662b6f4e6808499762d4d0cbeb4d0) Importer(815301076,1909f56bfc062723c751e8b465ee728b)  -> (artifact id: '8ac427e959f5d93eb1853918306a5fc1') in 0.039155 seconds 
========================================================================
Received Import Request.
  Time since last request: 93.421607 seconds.
  path: Assets/Shader/test.shadergraph
  artifactKey: Guid(d6d662b6f4e6808499762d4d0cbeb4d0) Importer(815301076,1909f56bfc062723c751e8b465ee728b)
Start importing Assets/Shader/test.shadergraph using Guid(d6d662b6f4e6808499762d4d0cbeb4d0) Importer(815301076,1909f56bfc062723c751e8b465ee728b)  -> (artifact id: 'ead13dcc36e386190a705faa163a3bf7') in 0.004757 seconds 
========================================================================
Received Import Request.
  Time since last request: 8.371632 seconds.
  path: Assets/Shader/test.mat
  artifactKey: Guid(0ff78ef9d0f3af84bbd379470dbee880) Importer(815301076,1909f56bfc062723c751e8b465ee728b)
Start importing Assets/Shader/test.mat using Guid(0ff78ef9d0f3af84bbd379470dbee880) Importer(815301076,1909f56bfc062723c751e8b465ee728b)  -> (artifact id: '6296ef2c047fb0f6ed3c7fcbdaa7055b') in 0.052124 seconds 
========================================================================
Received Import Request.
  Time since last request: 25.568902 seconds.
  path: Assets/Meshes/EnvironmentAnimals/BlackBird/BlackBird.fbx
  artifactKey: Guid(c1bed13a4f5712545b6fc8e3575f0419) Importer(815301076,1909f56bfc062723c751e8b465ee728b)
Start importing Assets/Meshes/EnvironmentAnimals/BlackBird/BlackBird.fbx using Guid(c1bed13a4f5712545b6fc8e3575f0419) Importer(815301076,1909f56bfc062723c751e8b465ee728b)  -> (artifact id: '283e81221b40a065e66b7a60477dcc33') in 0.181767 seconds 
========================================================================
Received Import Request.
  Time since last request: 0.000393 seconds.
  path: Assets/Meshes/EnvironmentAnimals/BlackBird/BlackBird 1.blend
  artifactKey: Guid(267d42af4fe7f4541ba7acf5773e1cf7) Importer(815301076,1909f56bfc062723c751e8b465ee728b)
Start importing Assets/Meshes/EnvironmentAnimals/BlackBird/BlackBird 1.blend using Guid(267d42af4fe7f4541ba7acf5773e1cf7) Importer(815301076,1909f56bfc062723c751e8b465ee728b)  -> (artifact id: '7faa02b631bfc8a8ff80d9c372f5e49b') in 0.083641 seconds 
========================================================================
Received Import Request.
  Time since last request: 1443.505208 seconds.
  path: Assets/Shader/Tree_leaves.mat
  artifactKey: Guid(5f9977d5b0366fd4eba26739d14287ab) Importer(815301076,1909f56bfc062723c751e8b465ee728b)
Start importing Assets/Shader/Tree_leaves.mat using Guid(5f9977d5b0366fd4eba26739d14287ab) Importer(815301076,1909f56bfc062723c751e8b465ee728b)  -> (artifact id: '3255c45df591a7e1f8fe07812dfe9e8d') in 0.053121 seconds 
AssetImportWorkerClient::OnTransportError - code=2 error=End of file
